[0.079s] Invoking command in '/mnt/c/moxl/ws_mobile/build/mobile_robot': CMAKE_PREFIX_PATH=${CMAKE_PREFIX_PATH}:/opt/ros/jazzy /usr/bin/cmake /mnt/c/moxl/ws_mobile/src/mobile_robot -DCMAKE_INSTALL_PREFIX=/mnt/c/moxl/ws_mobile/install/mobile_robot
[0.791s] -- The C compiler identification is GNU 13.2.0
[1.947s] -- The CXX compiler identification is GNU 13.2.0
[3.013s] -- Detecting C compiler ABI info
[4.016s] -- Detecting C compiler ABI info - done
[4.055s] -- Check for working C compiler: /usr/bin/cc - skipped
[4.056s] -- Detecting C compile features
[4.057s] -- Detecting C compile features - done
[4.259s] -- Detecting CXX compiler ABI info
[5.138s] -- Detecting CXX compiler ABI info - done
[5.189s] -- Check for working CXX compiler: /usr/bin/c++ - skipped
[5.190s] -- Detecting CXX compile features
[5.192s] -- Detecting CXX compile features - done
[5.317s] -- Found ament_cmake: 2.5.2 (/opt/ros/jazzy/share/ament_cmake/cmake)
[5.618s] -- Found Python3: /usr/bin/python3 (found version "3.12.3") found components: Interpreter 
[6.230s] -- Found ament_lint_auto: 0.17.1 (/opt/ros/jazzy/share/ament_lint_auto/cmake)
[7.195s] -- Added test 'lint_cmake' to check CMake code style
[7.633s] -- Added test 'xmllint' to check XML markup files
[7.755s] -- Configuring done (7.6s)
[8.129s] -- Generating done (0.3s)
[8.337s] -- Build files have been written to: /mnt/c/moxl/ws_mobile/build/mobile_robot
[8.346s] Invoked command in '/mnt/c/moxl/ws_mobile/build/mobile_robot' returned '0': CMAKE_PREFIX_PATH=${CMAKE_PREFIX_PATH}:/opt/ros/jazzy /usr/bin/cmake /mnt/c/moxl/ws_mobile/src/mobile_robot -DCMAKE_INSTALL_PREFIX=/mnt/c/moxl/ws_mobile/install/mobile_robot
[8.357s] Invoking command in '/mnt/c/moxl/ws_mobile/build/mobile_robot': CMAKE_PREFIX_PATH=${CMAKE_PREFIX_PATH}:/opt/ros/jazzy /usr/bin/cmake --build /mnt/c/moxl/ws_mobile/build/mobile_robot -- -j12 -l12
[8.467s] Invoked command in '/mnt/c/moxl/ws_mobile/build/mobile_robot' returned '0': CMAKE_PREFIX_PATH=${CMAKE_PREFIX_PATH}:/opt/ros/jazzy /usr/bin/cmake --build /mnt/c/moxl/ws_mobile/build/mobile_robot -- -j12 -l12
[8.506s] Invoking command in '/mnt/c/moxl/ws_mobile/build/mobile_robot': CMAKE_PREFIX_PATH=${CMAKE_PREFIX_PATH}:/opt/ros/jazzy /usr/bin/cmake --install /mnt/c/moxl/ws_mobile/build/mobile_robot
[8.520s] -- Install configuration: ""
[8.564s] -- Installing: /mnt/c/moxl/ws_mobile/install/mobile_robot/share/ament_index/resource_index/package_run_dependencies/mobile_robot
[8.687s] -- Installing: /mnt/c/moxl/ws_mobile/install/mobile_robot/share/ament_index/resource_index/parent_prefix_path/mobile_robot
[8.786s] -- Installing: /mnt/c/moxl/ws_mobile/install/mobile_robot/share/mobile_robot/environment/ament_prefix_path.sh
[8.855s] -- Installing: /mnt/c/moxl/ws_mobile/install/mobile_robot/share/mobile_robot/environment/ament_prefix_path.dsv
[8.924s] -- Installing: /mnt/c/moxl/ws_mobile/install/mobile_robot/share/mobile_robot/environment/path.sh
[8.996s] -- Installing: /mnt/c/moxl/ws_mobile/install/mobile_robot/share/mobile_robot/environment/path.dsv
[9.075s] -- Installing: /mnt/c/moxl/ws_mobile/install/mobile_robot/share/mobile_robot/local_setup.bash
[9.137s] -- Installing: /mnt/c/moxl/ws_mobile/install/mobile_robot/share/mobile_robot/local_setup.sh
[9.194s] -- Installing: /mnt/c/moxl/ws_mobile/install/mobile_robot/share/mobile_robot/local_setup.zsh
[9.244s] -- Installing: /mnt/c/moxl/ws_mobile/install/mobile_robot/share/mobile_robot/local_setup.dsv
[9.295s] -- Installing: /mnt/c/moxl/ws_mobile/install/mobile_robot/share/mobile_robot/package.dsv
[9.377s] -- Installing: /mnt/c/moxl/ws_mobile/install/mobile_robot/share/ament_index/resource_index/packages/mobile_robot
[9.453s] -- Installing: /mnt/c/moxl/ws_mobile/install/mobile_robot/share/mobile_robot/cmake/mobile_robotConfig.cmake
[9.500s] -- Installing: /mnt/c/moxl/ws_mobile/install/mobile_robot/share/mobile_robot/cmake/mobile_robotConfig-version.cmake
[9.548s] -- Installing: /mnt/c/moxl/ws_mobile/install/mobile_robot/share/mobile_robot/package.xml
[9.592s] Invoked command in '/mnt/c/moxl/ws_mobile/build/mobile_robot' returned '0': CMAKE_PREFIX_PATH=${CMAKE_PREFIX_PATH}:/opt/ros/jazzy /usr/bin/cmake --install /mnt/c/moxl/ws_mobile/build/mobile_robot
